[2023-07-10 22:40:18,283] INFO [Controller id=0 epoch=2] Sending UpdateMetadata request to brokers HashSet() for 0 partitions (state.change.logger)
[2023-07-10 22:40:52,003] INFO [Controller id=0 epoch=3] Sending UpdateMetadata request to brokers HashSet(0) for 0 partitions (state.change.logger)
[2023-07-10 22:40:52,089] INFO [Controller id=0 epoch=3] Sending LeaderAndIsr request to broker 0 with 83 become-leader and 0 become-follower partitions (state.change.logger)
[2023-07-10 22:40:52,093] INFO [Controller id=0 epoch=3] Sending UpdateMetadata request to brokers HashSet(0) for 83 partitions (state.change.logger)
[2023-07-10 22:40:52,132] INFO [Broker id=0] Handling LeaderAndIsr request correlationId 1 from controller 0 for 83 partitions (state.change.logger)
[2023-07-10 22:40:52,184] INFO [Broker id=0] Stopped fetchers as part of LeaderAndIsr request correlationId 1 from controller 0 epoch 3 as part of the become-leader transition for 83 partitions (state.change.logger)
[2023-07-10 22:40:52,198] INFO [Broker id=0] Leader connect-offsets-24 with topic id Some(ACSPvgOKTryoQA2JXmLDMA) starts at leader epoch 0 from offset 0 with partition epoch 0, high watermark 0, ISR [0], adding replicas [] and removing replicas [] . Previous leader epoch was -1. (state.change.logger)
[2023-07-10 22:40:52,210] INFO [Broker id=0] Leader __consumer_offsets-3 with topic id Some(f4p8o21XRkuobobAGHnaXw) starts at leader epoch 0 from offset 0 with partition epoch 0, high watermark 0, ISR [0], adding replicas [] and removing replicas [] . Previous leader epoch was -1. (state.change.logger)
[2023-07-10 22:40:52,216] INFO [Broker id=0] Leader quickstart-events-0 with topic id Some(1UTf9Jo1TrWtiQBcNNGnMw) starts at leader epoch 0 from offset 4 with partition epoch 0, high watermark 4, ISR [0], adding replicas [] and removing replicas [] . Previous leader epoch was -1. (state.change.logger)
[2023-07-10 22:40:52,216] INFO [Broker id=0] Leader connect-offsets-9 with topic id Some(ACSPvgOKTryoQA2JXmLDMA) starts at leader epoch 0 from offset 0 with partition epoch 0, high watermark 0, ISR [0], adding replicas [] and removing replicas [] . Previous leader epoch was -1. (state.change.logger)
[2023-07-10 22:40:52,222] INFO [Broker id=0] Leader __consumer_offsets-18 with topic id Some(f4p8o21XRkuobobAGHnaXw) starts at leader epoch 0 from offset 0 with partition epoch 0, high watermark 0, ISR [0], adding replicas [] and removing replicas [] . Previous leader epoch was -1. (state.change.logger)
[2023-07-10 22:40:52,229] INFO [Broker id=0] Leader __consumer_offsets-41 with topic id Some(f4p8o21XRkuobobAGHnaXw) starts at leader epoch 0 from offset 0 with partition epoch 0, high watermark 0, ISR [0], adding replicas [] and removing replicas [] . Previous leader epoch was -1. (state.change.logger)
[2023-07-10 22:40:52,234] INFO [Broker id=0] Leader connect-status-1 with topic id Some(nJyvc-_JTM2c1zF-XeGfTw) starts at leader epoch 0 from offset 1 with partition epoch 0, high watermark 1, ISR [0], adding replicas [] and removing replicas [] . Previous leader epoch was -1. (state.change.logger)
[2023-07-10 22:40:52,235] INFO [Broker id=0] Leader connect-offsets-17 with topic id Some(ACSPvgOKTryoQA2JXmLDMA) starts at leader epoch 0 from offset 0 with partition epoch 0, high watermark 0, ISR [0], adding replicas [] and removing replicas [] . Previous leader epoch was -1. (state.change.logger)
[2023-07-10 22:40:52,241] INFO [Broker id=0] Leader __consumer_offsets-10 with topic id Some(f4p8o21XRkuobobAGHnaXw) starts at leader epoch 0 from offset 0 with partition epoch 0, high watermark 0, ISR [0], adding replicas [] and removing replicas [] . Previous leader epoch was -1. (state.change.logger)
[2023-07-10 22:40:52,247] INFO [Broker id=0] Leader connect-offsets-2 with topic id Some(ACSPvgOKTryoQA2JXmLDMA) starts at leader epoch 0 from offset 0 with partition epoch 0, high watermark 0, ISR [0], adding replicas [] and removing replicas [] . Previous leader epoch was -1. (state.change.logger)
[2023-07-10 22:40:52,252] INFO [Broker id=0] Leader __consumer_offsets-33 with topic id Some(f4p8o21XRkuobobAGHnaXw) starts at leader epoch 0 from offset 0 with partition epoch 0, high watermark 0, ISR [0], adding replicas [] and removing replicas [] . Previous leader epoch was -1. (state.change.logger)
[2023-07-10 22:40:52,258] INFO [Broker id=0] Leader __consumer_offsets-48 with topic id Some(f4p8o21XRkuobobAGHnaXw) starts at leader epoch 0 from offset 0 with partition epoch 0, high watermark 0, ISR [0], adding replicas [] and removing replicas [] . Previous leader epoch was -1. (state.change.logger)
[2023-07-10 22:40:52,264] INFO [Broker id=0] Leader connect-offsets-8 with topic id Some(ACSPvgOKTryoQA2JXmLDMA) starts at leader epoch 0 from offset 0 with partition epoch 0, high watermark 0, ISR [0], adding replicas [] and removing replicas [] . Previous leader epoch was -1. (state.change.logger)
[2023-07-10 22:40:52,269] INFO [Broker id=0] Leader __consumer_offsets-19 with topic id Some(f4p8o21XRkuobobAGHnaXw) starts at leader epoch 0 from offset 3 with partition epoch 0, high watermark 3, ISR [0], adding replicas [] and removing replicas [] . Previous leader epoch was -1. (state.change.logger)
[2023-07-10 22:40:52,269] INFO [Broker id=0] Leader __consumer_offsets-34 with topic id Some(f4p8o21XRkuobobAGHnaXw) starts at leader epoch 0 from offset 0 with partition epoch 0, high watermark 0, ISR [0], adding replicas [] and removing replicas [] . Previous leader epoch was -1. (state.change.logger)
[2023-07-10 22:40:52,275] INFO [Broker id=0] Leader __consumer_offsets-4 with topic id Some(f4p8o21XRkuobobAGHnaXw) starts at leader epoch 0 from offset 0 with partition epoch 0, high watermark 0, ISR [0], adding replicas [] and removing replicas [] . Previous leader epoch was -1. (state.change.logger)
[2023-07-10 22:40:52,280] INFO [Broker id=0] Leader connect-offsets-23 with topic id Some(ACSPvgOKTryoQA2JXmLDMA) starts at leader epoch 0 from offset 0 with partition epoch 0, high watermark 0, ISR [0], adding replicas [] and removing replicas [] . Previous leader epoch was -1. (state.change.logger)
[2023-07-10 22:40:52,285] INFO [Broker id=0] Leader connect-offsets-16 with topic id Some(ACSPvgOKTryoQA2JXmLDMA) starts at leader epoch 0 from offset 0 with partition epoch 0, high watermark 0, ISR [0], adding replicas [] and removing replicas [] . Previous leader epoch was -1. (state.change.logger)
[2023-07-10 22:40:52,290] INFO [Broker id=0] Leader __consumer_offsets-11 with topic id Some(f4p8o21XRkuobobAGHnaXw) starts at leader epoch 0 from offset 0 with partition epoch 0, high watermark 0, ISR [0], adding replicas [] and removing replicas [] . Previous leader epoch was -1. (state.change.logger)
[2023-07-10 22:40:52,295] INFO [Broker id=0] Leader connect-offsets-1 with topic id Some(ACSPvgOKTryoQA2JXmLDMA) starts at leader epoch 0 from offset 4 with partition epoch 0, high watermark 4, ISR [0], adding replicas [] and removing replicas [] . Previous leader epoch was -1. (state.change.logger)
[2023-07-10 22:40:52,295] INFO [Broker id=0] Leader __consumer_offsets-26 with topic id Some(f4p8o21XRkuobobAGHnaXw) starts at leader epoch 0 from offset 0 with partition epoch 0, high watermark 0, ISR [0], adding replicas [] and removing replicas [] . Previous leader epoch was -1. (state.change.logger)
[2023-07-10 22:40:52,301] INFO [Broker id=0] Leader connect-status-2 with topic id Some(nJyvc-_JTM2c1zF-XeGfTw) starts at leader epoch 0 from offset 0 with partition epoch 0, high watermark 0, ISR [0], adding replicas [] and removing replicas [] . Previous leader epoch was -1. (state.change.logger)
[2023-07-10 22:40:52,307] INFO [Broker id=0] Leader __consumer_offsets-49 with topic id Some(f4p8o21XRkuobobAGHnaXw) starts at leader epoch 0 from offset 1 with partition epoch 0, high watermark 1, ISR [0], adding replicas [] and removing replicas [] . Previous leader epoch was -1. (state.change.logger)
[2023-07-10 22:40:52,307] INFO [Broker id=0] Leader connect-configs-0 with topic id Some(b1naFNNITLe5_BkfYYV2VQ) starts at leader epoch 0 from offset 11 with partition epoch 0, high watermark 11, ISR [0], adding replicas [] and removing replicas [] . Previous leader epoch was -1. (state.change.logger)
[2023-07-10 22:40:52,307] INFO [Broker id=0] Leader connect-offsets-11 with topic id Some(ACSPvgOKTryoQA2JXmLDMA) starts at leader epoch 0 from offset 0 with partition epoch 0, high watermark 0, ISR [0], adding replicas [] and removing replicas [] . Previous leader epoch was -1. (state.change.logger)
[2023-07-10 22:40:52,313] INFO [Broker id=0] Leader __consumer_offsets-39 with topic id Some(f4p8o21XRkuobobAGHnaXw) starts at leader epoch 0 from offset 0 with partition epoch 0, high watermark 0, ISR [0], adding replicas [] and removing replicas [] . Previous leader epoch was -1. (state.change.logger)
[2023-07-10 22:40:52,318] INFO [Broker id=0] Leader __consumer_offsets-9 with topic id Some(f4p8o21XRkuobobAGHnaXw) starts at leader epoch 0 from offset 0 with partition epoch 0, high watermark 0, ISR [0], adding replicas [] and removing replicas [] . Previous leader epoch was -1. (state.change.logger)
[2023-07-10 22:40:52,324] INFO [Broker id=0] Leader __consumer_offsets-24 with topic id Some(f4p8o21XRkuobobAGHnaXw) starts at leader epoch 0 from offset 3 with partition epoch 0, high watermark 3, ISR [0], adding replicas [] and removing replicas [] . Previous leader epoch was -1. (state.change.logger)
[2023-07-10 22:40:52,324] INFO [Broker id=0] Leader connect-offsets-19 with topic id Some(ACSPvgOKTryoQA2JXmLDMA) starts at leader epoch 0 from offset 0 with partition epoch 0, high watermark 0, ISR [0], adding replicas [] and removing replicas [] . Previous leader epoch was -1. (state.change.logger)
[2023-07-10 22:40:52,330] INFO [Broker id=0] Leader __consumer_offsets-31 with topic id Some(f4p8o21XRkuobobAGHnaXw) starts at leader epoch 0 from offset 0 with partition epoch 0, high watermark 0, ISR [0], adding replicas [] and removing replicas [] . Previous leader epoch was -1. (state.change.logger)
[2023-07-10 22:40:52,336] INFO [Broker id=0] Leader __consumer_offsets-46 with topic id Some(f4p8o21XRkuobobAGHnaXw) starts at leader epoch 0 from offset 0 with partition epoch 0, high watermark 0, ISR [0], adding replicas [] and removing replicas [] . Previous leader epoch was -1. (state.change.logger)
[2023-07-10 22:40:52,340] INFO [Broker id=0] Leader __consumer_offsets-1 with topic id Some(f4p8o21XRkuobobAGHnaXw) starts at leader epoch 0 from offset 0 with partition epoch 0, high watermark 0, ISR [0], adding replicas [] and removing replicas [] . Previous leader epoch was -1. (state.change.logger)
[2023-07-10 22:40:52,345] INFO [Broker id=0] Leader __consumer_offsets-16 with topic id Some(f4p8o21XRkuobobAGHnaXw) starts at leader epoch 0 from offset 5 with partition epoch 0, high watermark 5, ISR [0], adding replicas [] and removing replicas [] . Previous leader epoch was -1. (state.change.logger)
[2023-07-10 22:40:52,346] INFO [Broker id=0] Leader __consumer_offsets-2 with topic id Some(f4p8o21XRkuobobAGHnaXw) starts at leader epoch 0 from offset 0 with partition epoch 0, high watermark 0, ISR [0], adding replicas [] and removing replicas [] . Previous leader epoch was -1. (state.change.logger)
[2023-07-10 22:40:52,352] INFO [Broker id=0] Leader connect-offsets-10 with topic id Some(ACSPvgOKTryoQA2JXmLDMA) starts at leader epoch 0 from offset 0 with partition epoch 0, high watermark 0, ISR [0], adding replicas [] and removing replicas [] . Previous leader epoch was -1. (state.change.logger)
[2023-07-10 22:40:52,358] INFO [Broker id=0] Leader __consumer_offsets-25 with topic id Some(f4p8o21XRkuobobAGHnaXw) starts at leader epoch 0 from offset 3 with partition epoch 0, high watermark 3, ISR [0], adding replicas [] and removing replicas [] . Previous leader epoch was -1. (state.change.logger)
[2023-07-10 22:40:52,359] INFO [Broker id=0] Leader __consumer_offsets-40 with topic id Some(f4p8o21XRkuobobAGHnaXw) starts at leader epoch 0 from offset 0 with partition epoch 0, high watermark 0, ISR [0], adding replicas [] and removing replicas [] . Previous leader epoch was -1. (state.change.logger)
[2023-07-10 22:40:52,363] INFO [Broker id=0] Leader connect-status-0 with topic id Some(nJyvc-_JTM2c1zF-XeGfTw) starts at leader epoch 0 from offset 0 with partition epoch 0, high watermark 0, ISR [0], adding replicas [] and removing replicas [] . Previous leader epoch was -1. (state.change.logger)
[2023-07-10 22:40:52,369] INFO [Broker id=0] Leader connect-offsets-18 with topic id Some(ACSPvgOKTryoQA2JXmLDMA) starts at leader epoch 0 from offset 0 with partition epoch 0, high watermark 0, ISR [0], adding replicas [] and removing replicas [] . Previous leader epoch was -1. (state.change.logger)
[2023-07-10 22:40:52,374] INFO [Broker id=0] Leader connect-offsets-3 with topic id Some(ACSPvgOKTryoQA2JXmLDMA) starts at leader epoch 0 from offset 0 with partition epoch 0, high watermark 0, ISR [0], adding replicas [] and removing replicas [] . Previous leader epoch was -1. (state.change.logger)
[2023-07-10 22:40:52,381] INFO [Broker id=0] Leader __consumer_offsets-47 with topic id Some(f4p8o21XRkuobobAGHnaXw) starts at leader epoch 0 from offset 0 with partition epoch 0, high watermark 0, ISR [0], adding replicas [] and removing replicas [] . Previous leader epoch was -1. (state.change.logger)
[2023-07-10 22:40:52,385] INFO [Broker id=0] Leader __consumer_offsets-17 with topic id Some(f4p8o21XRkuobobAGHnaXw) starts at leader epoch 0 from offset 0 with partition epoch 0, high watermark 0, ISR [0], adding replicas [] and removing replicas [] . Previous leader epoch was -1. (state.change.logger)
[2023-07-10 22:40:52,391] INFO [Broker id=0] Leader __consumer_offsets-32 with topic id Some(f4p8o21XRkuobobAGHnaXw) starts at leader epoch 0 from offset 0 with partition epoch 0, high watermark 0, ISR [0], adding replicas [] and removing replicas [] . Previous leader epoch was -1. (state.change.logger)
[2023-07-10 22:40:52,396] INFO [Broker id=0] Leader __consumer_offsets-37 with topic id Some(f4p8o21XRkuobobAGHnaXw) starts at leader epoch 0 from offset 0 with partition epoch 0, high watermark 0, ISR [0], adding replicas [] and removing replicas [] . Previous leader epoch was -1. (state.change.logger)
[2023-07-10 22:40:52,402] INFO [Broker id=0] Leader connect-offsets-20 with topic id Some(ACSPvgOKTryoQA2JXmLDMA) starts at leader epoch 0 from offset 0 with partition epoch 0, high watermark 0, ISR [0], adding replicas [] and removing replicas [] . Previous leader epoch was -1. (state.change.logger)
[2023-07-10 22:40:52,407] INFO [Broker id=0] Leader __consumer_offsets-7 with topic id Some(f4p8o21XRkuobobAGHnaXw) starts at leader epoch 0 from offset 0 with partition epoch 0, high watermark 0, ISR [0], adding replicas [] and removing replicas [] . Previous leader epoch was -1. (state.change.logger)
[2023-07-10 22:40:52,412] INFO [Broker id=0] Leader connect-offsets-5 with topic id Some(ACSPvgOKTryoQA2JXmLDMA) starts at leader epoch 0 from offset 0 with partition epoch 0, high watermark 0, ISR [0], adding replicas [] and removing replicas [] . Previous leader epoch was -1. (state.change.logger)
[2023-07-10 22:40:52,417] INFO [Broker id=0] Leader __consumer_offsets-22 with topic id Some(f4p8o21XRkuobobAGHnaXw) starts at leader epoch 0 from offset 0 with partition epoch 0, high watermark 0, ISR [0], adding replicas [] and removing replicas [] . Previous leader epoch was -1. (state.change.logger)
[2023-07-10 22:40:52,423] INFO [Broker id=0] Leader __consumer_offsets-29 with topic id Some(f4p8o21XRkuobobAGHnaXw) starts at leader epoch 0 from offset 0 with partition epoch 0, high watermark 0, ISR [0], adding replicas [] and removing replicas [] . Previous leader epoch was -1. (state.change.logger)
[2023-07-10 22:40:52,427] INFO [Broker id=0] Leader __consumer_offsets-44 with topic id Some(f4p8o21XRkuobobAGHnaXw) starts at leader epoch 0 from offset 0 with partition epoch 0, high watermark 0, ISR [0], adding replicas [] and removing replicas [] . Previous leader epoch was -1. (state.change.logger)
[2023-07-10 22:40:52,432] INFO [Broker id=0] Leader connect-offsets-13 with topic id Some(ACSPvgOKTryoQA2JXmLDMA) starts at leader epoch 0 from offset 0 with partition epoch 0, high watermark 0, ISR [0], adding replicas [] and removing replicas [] . Previous leader epoch was -1. (state.change.logger)
[2023-07-10 22:40:52,439] INFO [Broker id=0] Leader __consumer_offsets-14 with topic id Some(f4p8o21XRkuobobAGHnaXw) starts at leader epoch 0 from offset 0 with partition epoch 0, high watermark 0, ISR [0], adding replicas [] and removing replicas [] . Previous leader epoch was -1. (state.change.logger)
[2023-07-10 22:40:52,445] INFO [Broker id=0] Leader connect-offsets-4 with topic id Some(ACSPvgOKTryoQA2JXmLDMA) starts at leader epoch 0 from offset 0 with partition epoch 0, high watermark 0, ISR [0], adding replicas [] and removing replicas [] . Previous leader epoch was -1. (state.change.logger)
[2023-07-10 22:40:52,450] INFO [Broker id=0] Leader __consumer_offsets-23 with topic id Some(f4p8o21XRkuobobAGHnaXw) starts at leader epoch 0 from offset 0 with partition epoch 0, high watermark 0, ISR [0], adding replicas [] and removing replicas [] . Previous leader epoch was -1. (state.change.logger)
[2023-07-10 22:40:52,456] INFO [Broker id=0] Leader __consumer_offsets-38 with topic id Some(f4p8o21XRkuobobAGHnaXw) starts at leader epoch 0 from offset 1 with partition epoch 0, high watermark 1, ISR [0], adding replicas [] and removing replicas [] . Previous leader epoch was -1. (state.change.logger)
[2023-07-10 22:40:52,456] INFO [Broker id=0] Leader __consumer_offsets-8 with topic id Some(f4p8o21XRkuobobAGHnaXw) starts at leader epoch 0 from offset 0 with partition epoch 0, high watermark 0, ISR [0], adding replicas [] and removing replicas [] . Previous leader epoch was -1. (state.change.logger)
[2023-07-10 22:40:52,464] INFO [Broker id=0] Leader __consumer_offsets-45 with topic id Some(f4p8o21XRkuobobAGHnaXw) starts at leader epoch 0 from offset 0 with partition epoch 0, high watermark 0, ISR [0], adding replicas [] and removing replicas [] . Previous leader epoch was -1. (state.change.logger)
[2023-07-10 22:40:52,469] INFO [Broker id=0] Leader connect-offsets-12 with topic id Some(ACSPvgOKTryoQA2JXmLDMA) starts at leader epoch 0 from offset 0 with partition epoch 0, high watermark 0, ISR [0], adding replicas [] and removing replicas [] . Previous leader epoch was -1. (state.change.logger)
[2023-07-10 22:40:52,474] INFO [Broker id=0] Leader __consumer_offsets-15 with topic id Some(f4p8o21XRkuobobAGHnaXw) starts at leader epoch 0 from offset 0 with partition epoch 0, high watermark 0, ISR [0], adding replicas [] and removing replicas [] . Previous leader epoch was -1. (state.change.logger)
[2023-07-10 22:40:52,479] INFO [Broker id=0] Leader __consumer_offsets-30 with topic id Some(f4p8o21XRkuobobAGHnaXw) starts at leader epoch 0 from offset 0 with partition epoch 0, high watermark 0, ISR [0], adding replicas [] and removing replicas [] . Previous leader epoch was -1. (state.change.logger)
[2023-07-10 22:40:52,485] INFO [Broker id=0] Leader my_topic_users-0 with topic id Some(WLIGP1joSUiEfdUI-ogk3g) starts at leader epoch 0 from offset 20 with partition epoch 0, high watermark 20, ISR [0], adding replicas [] and removing replicas [] . Previous leader epoch was -1. (state.change.logger)
[2023-07-10 22:40:52,485] INFO [Broker id=0] Leader __consumer_offsets-0 with topic id Some(f4p8o21XRkuobobAGHnaXw) starts at leader epoch 0 from offset 0 with partition epoch 0, high watermark 0, ISR [0], adding replicas [] and removing replicas [] . Previous leader epoch was -1. (state.change.logger)
[2023-07-10 22:40:52,491] INFO [Broker id=0] Leader __consumer_offsets-35 with topic id Some(f4p8o21XRkuobobAGHnaXw) starts at leader epoch 0 from offset 0 with partition epoch 0, high watermark 0, ISR [0], adding replicas [] and removing replicas [] . Previous leader epoch was -1. (state.change.logger)
[2023-07-10 22:40:52,495] INFO [Broker id=0] Leader __consumer_offsets-5 with topic id Some(f4p8o21XRkuobobAGHnaXw) starts at leader epoch 0 from offset 0 with partition epoch 0, high watermark 0, ISR [0], adding replicas [] and removing replicas [] . Previous leader epoch was -1. (state.change.logger)
[2023-07-10 22:40:52,500] INFO [Broker id=0] Leader __consumer_offsets-20 with topic id Some(f4p8o21XRkuobobAGHnaXw) starts at leader epoch 0 from offset 0 with partition epoch 0, high watermark 0, ISR [0], adding replicas [] and removing replicas [] . Previous leader epoch was -1. (state.change.logger)
[2023-07-10 22:40:52,505] INFO [Broker id=0] Leader connect-offsets-22 with topic id Some(ACSPvgOKTryoQA2JXmLDMA) starts at leader epoch 0 from offset 0 with partition epoch 0, high watermark 0, ISR [0], adding replicas [] and removing replicas [] . Previous leader epoch was -1. (state.change.logger)
[2023-07-10 22:40:52,511] INFO [Broker id=0] Leader connect-offsets-7 with topic id Some(ACSPvgOKTryoQA2JXmLDMA) starts at leader epoch 0 from offset 0 with partition epoch 0, high watermark 0, ISR [0], adding replicas [] and removing replicas [] . Previous leader epoch was -1. (state.change.logger)
[2023-07-10 22:40:52,515] INFO [Broker id=0] Leader connect-offsets-0 with topic id Some(ACSPvgOKTryoQA2JXmLDMA) starts at leader epoch 0 from offset 0 with partition epoch 0, high watermark 0, ISR [0], adding replicas [] and removing replicas [] . Previous leader epoch was -1. (state.change.logger)
[2023-07-10 22:40:52,520] INFO [Broker id=0] Leader __consumer_offsets-27 with topic id Some(f4p8o21XRkuobobAGHnaXw) starts at leader epoch 0 from offset 0 with partition epoch 0, high watermark 0, ISR [0], adding replicas [] and removing replicas [] . Previous leader epoch was -1. (state.change.logger)
[2023-07-10 22:40:52,525] INFO [Broker id=0] Leader __consumer_offsets-42 with topic id Some(f4p8o21XRkuobobAGHnaXw) starts at leader epoch 0 from offset 0 with partition epoch 0, high watermark 0, ISR [0], adding replicas [] and removing replicas [] . Previous leader epoch was -1. (state.change.logger)
[2023-07-10 22:40:52,530] INFO [Broker id=0] Leader connect-status-3 with topic id Some(nJyvc-_JTM2c1zF-XeGfTw) starts at leader epoch 0 from offset 6 with partition epoch 0, high watermark 6, ISR [0], adding replicas [] and removing replicas [] . Previous leader epoch was -1. (state.change.logger)
[2023-07-10 22:40:52,531] INFO [Broker id=0] Leader __consumer_offsets-12 with topic id Some(f4p8o21XRkuobobAGHnaXw) starts at leader epoch 0 from offset 0 with partition epoch 0, high watermark 0, ISR [0], adding replicas [] and removing replicas [] . Previous leader epoch was -1. (state.change.logger)
[2023-07-10 22:40:52,535] INFO [Broker id=0] Leader connect-offsets-15 with topic id Some(ACSPvgOKTryoQA2JXmLDMA) starts at leader epoch 0 from offset 0 with partition epoch 0, high watermark 0, ISR [0], adding replicas [] and removing replicas [] . Previous leader epoch was -1. (state.change.logger)
[2023-07-10 22:40:52,541] INFO [Broker id=0] Leader __consumer_offsets-21 with topic id Some(f4p8o21XRkuobobAGHnaXw) starts at leader epoch 0 from offset 0 with partition epoch 0, high watermark 0, ISR [0], adding replicas [] and removing replicas [] . Previous leader epoch was -1. (state.change.logger)
[2023-07-10 22:40:52,546] INFO [Broker id=0] Leader __consumer_offsets-36 with topic id Some(f4p8o21XRkuobobAGHnaXw) starts at leader epoch 0 from offset 0 with partition epoch 0, high watermark 0, ISR [0], adding replicas [] and removing replicas [] . Previous leader epoch was -1. (state.change.logger)
[2023-07-10 22:40:52,552] INFO [Broker id=0] Leader connect-offsets-21 with topic id Some(ACSPvgOKTryoQA2JXmLDMA) starts at leader epoch 0 from offset 0 with partition epoch 0, high watermark 0, ISR [0], adding replicas [] and removing replicas [] . Previous leader epoch was -1. (state.change.logger)
[2023-07-10 22:40:52,556] INFO [Broker id=0] Leader __consumer_offsets-6 with topic id Some(f4p8o21XRkuobobAGHnaXw) starts at leader epoch 0 from offset 0 with partition epoch 0, high watermark 0, ISR [0], adding replicas [] and removing replicas [] . Previous leader epoch was -1. (state.change.logger)
[2023-07-10 22:40:52,562] INFO [Broker id=0] Leader connect-status-4 with topic id Some(nJyvc-_JTM2c1zF-XeGfTw) starts at leader epoch 0 from offset 3 with partition epoch 0, high watermark 3, ISR [0], adding replicas [] and removing replicas [] . Previous leader epoch was -1. (state.change.logger)
[2023-07-10 22:40:52,562] INFO [Broker id=0] Leader connect-offsets-6 with topic id Some(ACSPvgOKTryoQA2JXmLDMA) starts at leader epoch 0 from offset 0 with partition epoch 0, high watermark 0, ISR [0], adding replicas [] and removing replicas [] . Previous leader epoch was -1. (state.change.logger)
[2023-07-10 22:40:52,568] INFO [Broker id=0] Leader __consumer_offsets-43 with topic id Some(f4p8o21XRkuobobAGHnaXw) starts at leader epoch 0 from offset 0 with partition epoch 0, high watermark 0, ISR [0], adding replicas [] and removing replicas [] . Previous leader epoch was -1. (state.change.logger)
[2023-07-10 22:40:52,576] INFO [Broker id=0] Leader __consumer_offsets-13 with topic id Some(f4p8o21XRkuobobAGHnaXw) starts at leader epoch 0 from offset 24 with partition epoch 0, high watermark 24, ISR [0], adding replicas [] and removing replicas [] . Previous leader epoch was -1. (state.change.logger)
[2023-07-10 22:40:52,577] INFO [Broker id=0] Leader __consumer_offsets-28 with topic id Some(f4p8o21XRkuobobAGHnaXw) starts at leader epoch 0 from offset 0 with partition epoch 0, high watermark 0, ISR [0], adding replicas [] and removing replicas [] . Previous leader epoch was -1. (state.change.logger)
[2023-07-10 22:40:52,582] INFO [Broker id=0] Leader connect-offsets-14 with topic id Some(ACSPvgOKTryoQA2JXmLDMA) starts at leader epoch 0 from offset 0 with partition epoch 0, high watermark 0, ISR [0], adding replicas [] and removing replicas [] . Previous leader epoch was -1. (state.change.logger)
[2023-07-10 22:40:52,619] INFO [Broker id=0] Finished LeaderAndIsr request in 483ms correlationId 1 from controller 0 for 83 partitions (state.change.logger)
[2023-07-10 22:40:52,667] INFO [Broker id=0] Add 83 partitions and deleted 0 partitions from metadata cache in response to UpdateMetadata request sent by controller 0 epoch 3 with correlation id 2 (state.change.logger)
[2023-07-10 22:41:39,560] INFO [Controller id=0 epoch=3] Sending UpdateMetadata request to brokers HashSet() for 0 partitions (state.change.logger)
[2023-07-10 22:41:39,560] INFO [Controller id=0 epoch=3] Sending UpdateMetadata request to brokers HashSet() for 0 partitions (state.change.logger)
[2023-07-10 22:41:39,562] INFO [Controller id=0 epoch=3] Sending UpdateMetadata request to brokers HashSet(0) for 1 partitions (state.change.logger)
[2023-07-10 22:41:39,574] INFO [Broker id=0] Add 0 partitions and deleted 1 partitions from metadata cache in response to UpdateMetadata request sent by controller 0 epoch 3 with correlation id 3 (state.change.logger)
[2023-07-10 22:41:39,603] INFO [Controller id=0 epoch=3] Partition my_topic_users-0 state changed to (Leader:-1,ISR:0,LeaderRecoveryState:RECOVERED,LeaderEpoch:1,ZkVersion:1,ControllerEpoch:3) after removing replica 0 from the ISR as part of transition to OfflineReplica (state.change.logger)
[2023-07-10 22:41:39,609] INFO [Controller id=0 epoch=3] Sending UpdateMetadata request to brokers HashSet() for 0 partitions (state.change.logger)
[2023-07-10 22:41:39,610] INFO [Controller id=0 epoch=3] Sending StopReplica request for 1 replicas to broker 0 (state.change.logger)
[2023-07-10 22:41:39,611] INFO [Controller id=0 epoch=3] Sending UpdateMetadata request to brokers HashSet() for 0 partitions (state.change.logger)
[2023-07-10 22:41:39,611] INFO [Controller id=0 epoch=3] Sending StopReplica request for 1 replicas to broker 0 (state.change.logger)
[2023-07-10 22:41:39,613] INFO [Broker id=0] Handling StopReplica request correlationId 4 from controller 0 for 1 partitions (state.change.logger)
[2023-07-10 22:41:39,629] INFO [Broker id=0] Handling StopReplica request correlationId 5 from controller 0 for 1 partitions (state.change.logger)
[2023-07-10 22:41:39,665] INFO [Controller id=0 epoch=3] Sending UpdateMetadata request to brokers HashSet() for 0 partitions (state.change.logger)
[2023-07-10 22:41:39,666] INFO [Controller id=0 epoch=3] Sending UpdateMetadata request to brokers HashSet() for 0 partitions (state.change.logger)
[2023-07-10 22:42:07,241] INFO [Controller id=0 epoch=3] Changed partition my_topic_users-0 state from NonExistentPartition to NewPartition with assigned replicas 0 (state.change.logger)
[2023-07-10 22:42:07,242] INFO [Controller id=0 epoch=3] Sending UpdateMetadata request to brokers HashSet() for 0 partitions (state.change.logger)
[2023-07-10 22:42:07,243] INFO [Controller id=0 epoch=3] Sending UpdateMetadata request to brokers HashSet() for 0 partitions (state.change.logger)
[2023-07-10 22:42:07,280] INFO [Controller id=0 epoch=3] Changed partition my_topic_users-0 from NewPartition to OnlinePartition with state LeaderAndIsr(leader=0, leaderEpoch=0, isrWithBrokerEpoch=List(BrokerState(brokerId=0, brokerEpoch=-1)), leaderRecoveryState=RECOVERED, partitionEpoch=0) (state.change.logger)
[2023-07-10 22:42:07,280] INFO [Controller id=0 epoch=3] Sending LeaderAndIsr request to broker 0 with 1 become-leader and 0 become-follower partitions (state.change.logger)
[2023-07-10 22:42:07,281] INFO [Controller id=0 epoch=3] Sending UpdateMetadata request to brokers HashSet(0) for 1 partitions (state.change.logger)
[2023-07-10 22:42:07,281] INFO [Controller id=0 epoch=3] Sending UpdateMetadata request to brokers HashSet() for 0 partitions (state.change.logger)
[2023-07-10 22:42:07,289] INFO [Broker id=0] Handling LeaderAndIsr request correlationId 6 from controller 0 for 1 partitions (state.change.logger)
[2023-07-10 22:42:07,291] INFO [Broker id=0] Stopped fetchers as part of LeaderAndIsr request correlationId 6 from controller 0 epoch 3 as part of the become-leader transition for 1 partitions (state.change.logger)
[2023-07-10 22:42:07,322] INFO [Broker id=0] Leader my_topic_users-0 with topic id Some(y8EIqtqTT664ipzol-7gFg) starts at leader epoch 0 from offset 0 with partition epoch 0, high watermark 0, ISR [0], adding replicas [] and removing replicas [] . Previous leader epoch was -1. (state.change.logger)
[2023-07-10 22:42:07,328] INFO [Broker id=0] Finished LeaderAndIsr request in 39ms correlationId 6 from controller 0 for 1 partitions (state.change.logger)
[2023-07-10 22:42:07,335] INFO [Broker id=0] Add 1 partitions and deleted 0 partitions from metadata cache in response to UpdateMetadata request sent by controller 0 epoch 3 with correlation id 7 (state.change.logger)
